Base path: 'E:/Program Files/unity/editor/2019.4.10f1/Editor/Data', plugins path 'E:/Program Files/unity/editor/2019.4.10f1/Editor/Data/PlaybackEngines'
Cmd: initializeCompiler
Cmd: compileSnippet
  api=4 type=1 insize=11846 outsize=4538 kw=SHADOWS_SPLIT_SPHERES SHADOWS_SINGLE_CASCADE pd=UNITY_ENABLE_REFLECTION_BUFFERS UNITY_USE_DITHER_MASK_FOR_ALPHABLENDED_SHADOWS UNITY_PBS_USE_BRDF1 UNITY_SPECCUBE_BOX_PROJECTION UNITY_SPECCUBE_BLENDING UNITY_ENABLE_DETAIL_NORMALMAP SHADER_API_DESKTOP UNITY_COLORSPACE_GAMMA UNITY_LIGHT_PROBE_PROXY_VOLUME UNITY_LIGHTMAP_FULL_HDR ok=1
Cmd: compileComputeKernel
  error: 1 plat 4 at ComputeSDF.compute(23): signed/unsigned mismatch, unsigned assumed
  error: 1 plat 4 at ComputeSDF.compute(34): signed/unsigned mismatch, unsigned assumed
  error: 2 plat 4 at ComputeSDF.compute(37): undeclared identifier 'Mathf'
  api=4 insize=1761 outsize=0 ok=0
Cmd: compileComputeKernel
  error: 1 plat 4 at ComputeSDF.compute(23): signed/unsigned mismatch, unsigned assumed
  error: 1 plat 4 at ComputeSDF.compute(34): signed/unsigned mismatch, unsigned assumed
  error: 1 plat 4 at ComputeSDF.compute(46): signed/unsigned mismatch, unsigned assumed
  api=4 insize=1757 outsize=785 ok=1
Cmd: compileComputeKernel
  error: 1 plat 4 at ComputeSDF.compute(23): signed/unsigned mismatch, unsigned assumed
  error: 1 plat 4 at ComputeSDF.compute(34): signed/unsigned mismatch, unsigned assumed
  error: 1 plat 4 at ComputeSDF.compute(46): signed/unsigned mismatch, unsigned assumed
  error: 2 plat 4 at ComputeSDF.compute(49): undeclared identifier 'objA'
  api=4 insize=1886 outsize=0 ok=0

Quitting shader compiler process
