Using pre-set license
Built from '2020.3/china_unity/release' branch; Version is '2020.3.12f1c1 (5887f62ce680) revision 5801974'; Using compiler version '192528614'; Build Type 'Release'
OS: 'Windows 10 Pro; OS build 19041.804; Version 2004; 64bit' Language: 'zh' Physical Memory: 16270 MB
BatchMode: 1, IsHumanControllingUs: 0, StartBugReporterOnCrash: 0, Is64bit: 1, IsPro: 0

 COMMAND LINE ARGUMENTS:
E:\Program Files\unity\editor\2020.3.12f1c1\Editor\Unity.exe
-adb2
-batchMode
-noUpm
-name
AssetImportWorker0
-projectPath
E:/Users/zhiyi/SceneOperate
-logFile
Logs/AssetImportWorker0.log
-srvPort
52465
Successfully changed project path to: E:/Users/zhiyi/SceneOperate
E:/Users/zhiyi/SceneOperate
Using Asset Import Pipeline V2.
Refreshing native plugins compatible for Editor in 29.69 ms, found 2 plugins.
Preloading 0 native plugins for Editor in 0.00 ms.
Initialize engine version: 2020.3.12f1c1 (5887f62ce680)
[Subsystems] Discovering subsystems at path E:/Program Files/unity/editor/2020.3.12f1c1/Editor/Data/Resources/UnitySubsystems
[Subsystems] Discovering subsystems at path E:/Users/zhiyi/SceneOperate/Assets
GfxDevice: creating device client; threaded=0
Direct3D:
    Version:  Direct3D 11.0 [level 11.1]
    Renderer: NVIDIA GeForce GTX 1060 6GB (ID=0x1c03)
    Vendor:   
    VRAM:     6052 MB
    Driver:   27.21.14.5167
Initialize mono
Mono path[0] = 'E:/Program Files/unity/editor/2020.3.12f1c1/Editor/Data/Managed'
Mono path[1] = 'E:/Program Files/unity/editor/2020.3.12f1c1/Editor/Data/MonoBleedingEdge/lib/mono/unityjit'
Mono config path = 'E:/Program Files/unity/editor/2020.3.12f1c1/Editor/Data/MonoBleedingEdge/etc'
Using monoOptions --debugger-agent=transport=dt_socket,embedding=1,server=y,suspend=n,address=127.0.0.1:56504
Begin MonoManager ReloadAssembly
Registering precompiled unity dll's ...
Register platform support module: E:/Program Files/unity/editor/2020.3.12f1c1/Editor/Data/PlaybackEngines/WindowsStandaloneSupport/UnityEditor.WindowsStandalone.Extensions.dll
Registered in 0.002685 seconds.
Native extension for WindowsStandalone target not found
Refreshing native plugins compatible for Editor in 27.95 ms, found 2 plugins.
Preloading 0 native plugins for Editor in 0.00 ms.
Mono: successfully reloaded assembly
- Completed reload, in  0.797 seconds
Platform modules already initialized, skipping
Registering precompiled user dll's ...
Registered in 0.004747 seconds.
Begin MonoManager ReloadAssembly
Native extension for WindowsStandalone target not found
Refreshing native plugins compatible for Editor in 0.30 ms, found 2 plugins.
Preloading 0 native plugins for Editor in 0.00 ms.
Mono: successfully reloaded assembly
- Completed reload, in  0.985 seconds
Platform modules already initialized, skipping
========================================================================
Worker process is ready to serve import requests
Launched and connected shader compiler UnityShaderCompiler.exe after 0.08 seconds
Refreshing native plugins compatible for Editor in 0.29 ms, found 2 plugins.
Preloading 0 native plugins for Editor in 0.00 ms.
Unloading 1410 Unused Serialized files (Serialized files now loaded: 0)
System memory in use before: 69.1 MB.
System memory in use after: 69.2 MB.

Unloading 18 unused Assets to reduce memory usage. Loaded Objects now: 1845.
Total: 2.174500 ms (FindLiveObjects: 0.136400 ms CreateObjectMapping: 0.038100 ms MarkObjects: 1.917300 ms  DeleteObjects: 0.081400 ms)

AssetImportParameters requested are different than current active one (requested -> active):
  custom:framework-win-MediaFoundation: 216162199b28c13a410421893ffa2e32 -> 
  custom:video-decoder-ogg-theora: a1e56fd34408186e4bbccfd4996cb3dc -> 
  custom:container-muxer-webm: aa71ff27fc2769a1b78a27578f13a17b -> 
  custom:container-demuxer-webm: 4f35f7cbe854078d1ac9338744f61a02 -> 
  custom:container-demuxer-ogg: 62fdf1f143b41e24485cea50d1cbac27 -> 
  custom:video-encoder-webm-vp8: eb34c28f22e8b96e1ab97ce403110664 -> 
  custom:video-codec-MediaFoundation-h265: 746d11721c4dcdbdad8f713fa42b33f4 -> 
  custom:video-decoder-webm-vp8: 9c59270c3fd7afecdb556c50c9e8de78 -> 
  custom:audio-decoder-ogg-vorbis: bf7c407c2cedff20999df2af8eb42d56 -> 
  custom:audio-encoder-webm-vorbis: bf7c407c2cedff20999df2af8eb42d56 -> 
========================================================================
Received Import Request.
  path: Assets/source/ScriptableObj/0-100.asset
  artifactKey: Guid(98fd2b6b6fa953144a208f8d4a7a8dd0) Importer(815301076,1909f56bfc062723c751e8b465ee728b)
Start importing Assets/source/ScriptableObj/0-100.asset using Guid(98fd2b6b6fa953144a208f8d4a7a8dd0) Importer(815301076,1909f56bfc062723c751e8b465ee728b)  -> (artifact id: 'bfc2b58f1b24cdfda3336883bc17a1bd') in 0.158539 seconds 
  Import took 0.160666 seconds .

========================================================================
Received Import Request.
  Time since last request: 0.000258 seconds.
  path: Assets/SDF/100
  artifactKey: Guid(e188fe3c02221964c92abcc4c291d17d) Importer(815301076,1909f56bfc062723c751e8b465ee728b)
Start importing Assets/SDF/100 using Guid(e188fe3c02221964c92abcc4c291d17d) Importer(815301076,1909f56bfc062723c751e8b465ee728b)  -> (artifact id: 'e6384014584e2f73e764ba73d64d84e0') in 0.002631 seconds 
  Import took 0.004376 seconds .

========================================================================
Received Import Request.
  Time since last request: 0.104068 seconds.
  path: Assets/source/ScriptableObj/4-100.asset
  artifactKey: Guid(3fe99317fd1cf0d498a4641ff24b3ad2) Importer(815301076,1909f56bfc062723c751e8b465ee728b)
Start importing Assets/source/ScriptableObj/4-100.asset using Guid(3fe99317fd1cf0d498a4641ff24b3ad2) Importer(815301076,1909f56bfc062723c751e8b465ee728b)  -> (artifact id: '4f885ac2c3932f58f689d6e70d68aaf8') in 0.067848 seconds 
  Import took 0.070200 seconds .

========================================================================
Received Import Request.
  Time since last request: 0.296650 seconds.
  path: Assets/source/ScriptableObj/26-100.asset
  artifactKey: Guid(79a504c28165c454ca1391f6c8841d07) Importer(815301076,1909f56bfc062723c751e8b465ee728b)
Start importing Assets/source/ScriptableObj/26-100.asset using Guid(79a504c28165c454ca1391f6c8841d07) Importer(815301076,1909f56bfc062723c751e8b465ee728b)  -> (artifact id: '69fd1d37d8d386c4699a4fafd22385b9') in 0.066806 seconds 
  Import took 0.069243 seconds .

========================================================================
Received Import Request.
  Time since last request: 0.319179 seconds.
  path: Assets/source/ScriptableObj/84-100.asset
  artifactKey: Guid(d1975bcb59fa93249b08515df54eb30f) Importer(815301076,1909f56bfc062723c751e8b465ee728b)
Start importing Assets/source/ScriptableObj/84-100.asset using Guid(d1975bcb59fa93249b08515df54eb30f) Importer(815301076,1909f56bfc062723c751e8b465ee728b)  -> (artifact id: '7195202921a8d29b10e4ad478e8a9936') in 0.099628 seconds 
  Import took 0.102055 seconds .

========================================================================
Received Import Request.
  Time since last request: 0.076357 seconds.
  path: Assets/source/ScriptableObj/85-100.asset
  artifactKey: Guid(7efd376e9cc50e3439ef082f607b030a) Importer(815301076,1909f56bfc062723c751e8b465ee728b)
Start importing Assets/source/ScriptableObj/85-100.asset using Guid(7efd376e9cc50e3439ef082f607b030a) Importer(815301076,1909f56bfc062723c751e8b465ee728b)  -> (artifact id: '626dccb17c1acb20b94949b7f5838da0') in 0.064148 seconds 
  Import took 0.066426 seconds .

========================================================================
Received Import Request.
  Time since last request: 0.113323 seconds.
  path: Assets/source/ScriptableObj/88-100.asset
  artifactKey: Guid(3de0cd21a37640948afea20500337ee3) Importer(815301076,1909f56bfc062723c751e8b465ee728b)
Start importing Assets/source/ScriptableObj/88-100.asset using Guid(3de0cd21a37640948afea20500337ee3) Importer(815301076,1909f56bfc062723c751e8b465ee728b)  -> (artifact id: 'da69a0018a111c7f9ee4ab225c250c2b') in 0.071185 seconds 
  Import took 0.107639 seconds .

========================================================================
Received Import Request.
  Time since last request: 86.543138 seconds.
  path: Assets/source/Texture3D/0-100.asset
  artifactKey: Guid(d74c1ca67bffc4e45a0c2dca267fe0d8) Importer(815301076,1909f56bfc062723c751e8b465ee728b)
Start importing Assets/source/Texture3D/0-100.asset using Guid(d74c1ca67bffc4e45a0c2dca267fe0d8) Importer(815301076,1909f56bfc062723c751e8b465ee728b)  -> (artifact id: '46e0d67dc989f657f939665f0299fe40') in 0.291429 seconds 
  Import took 0.294124 seconds .

========================================================================
Received Import Request.
  Time since last request: 0.000392 seconds.
  path: Assets/source/Texture3D/85-100.asset
  artifactKey: Guid(3104fe2d4f41c674291724fa4a1e63c7) Importer(815301076,1909f56bfc062723c751e8b465ee728b)
Start importing Assets/source/Texture3D/85-100.asset using Guid(3104fe2d4f41c674291724fa4a1e63c7) Importer(815301076,1909f56bfc062723c751e8b465ee728b)  -> (artifact id: '8ccafce9889ee2871c7bf5904d1a6e7c') in 0.109285 seconds 
  Import took 0.111656 seconds .

========================================================================
Received Import Request.
  Time since last request: 0.000312 seconds.
  path: Assets/source/Texture3D/88-100.asset
  artifactKey: Guid(f2403cd0a9eeeaa4f99f54c9dcdc8232) Importer(815301076,1909f56bfc062723c751e8b465ee728b)
Start importing Assets/source/Texture3D/88-100.asset using Guid(f2403cd0a9eeeaa4f99f54c9dcdc8232) Importer(815301076,1909f56bfc062723c751e8b465ee728b)  -> (artifact id: '086a80417521488487bcc12dcbcacf3d') in 0.074710 seconds 
  Import took 0.076950 seconds .

========================================================================
Received Import Request.
  Time since last request: 0.000338 seconds.
  path: Assets/source/Texture3D/4-100.asset
  artifactKey: Guid(00e394fbf2bc26b4fbb395cb65eb1a50) Importer(815301076,1909f56bfc062723c751e8b465ee728b)
Start importing Assets/source/Texture3D/4-100.asset using Guid(00e394fbf2bc26b4fbb395cb65eb1a50) Importer(815301076,1909f56bfc062723c751e8b465ee728b)  -> (artifact id: '1b454e2ae60800422d38d68e9ad5cc02') in 0.074434 seconds 
  Import took 0.076490 seconds .

========================================================================
Received Import Request.
  Time since last request: 0.000307 seconds.
  path: Assets/source/Texture3D/26-100.asset
  artifactKey: Guid(700fb19090d5822499def34330a5ffae) Importer(815301076,1909f56bfc062723c751e8b465ee728b)
Start importing Assets/source/Texture3D/26-100.asset using Guid(700fb19090d5822499def34330a5ffae) Importer(815301076,1909f56bfc062723c751e8b465ee728b)  -> (artifact id: '9af1a0dd6380d734260725d46fe6a287') in 0.073994 seconds 
  Import took 0.076115 seconds .

========================================================================
Received Import Request.
  Time since last request: 0.000307 seconds.
  path: Assets/source/Texture3D/4-100.asset
  artifactKey: Guid(00e394fbf2bc26b4fbb395cb65eb1a50) Importer(815301076,1909f56bfc062723c751e8b465ee728b)
Start importing Assets/source/Texture3D/4-100.asset using Guid(00e394fbf2bc26b4fbb395cb65eb1a50) Importer(815301076,1909f56bfc062723c751e8b465ee728b)  -> (artifact id: '1b454e2ae60800422d38d68e9ad5cc02') in 0.071845 seconds 
  Import took 0.073993 seconds .

========================================================================
Received Import Request.
  Time since last request: 0.000306 seconds.
  path: Assets/source/Texture3D/26-100.asset
  artifactKey: Guid(700fb19090d5822499def34330a5ffae) Importer(815301076,1909f56bfc062723c751e8b465ee728b)
Start importing Assets/source/Texture3D/26-100.asset using Guid(700fb19090d5822499def34330a5ffae) Importer(815301076,1909f56bfc062723c751e8b465ee728b)  -> (artifact id: '9af1a0dd6380d734260725d46fe6a287') in 0.073718 seconds 
  Import took 0.075843 seconds .

========================================================================
Received Import Request.
  Time since last request: 0.000338 seconds.
  path: Assets/source/Texture3D/84-100.asset
  artifactKey: Guid(23267f8b50c66144398bd4dbafde018d) Importer(815301076,1909f56bfc062723c751e8b465ee728b)
Start importing Assets/source/Texture3D/84-100.asset using Guid(23267f8b50c66144398bd4dbafde018d) Importer(815301076,1909f56bfc062723c751e8b465ee728b)  -> (artifact id: 'fdf18f103f4519c7f0135d340ae8a3bb') in 0.074094 seconds 
  Import took 0.076540 seconds .

========================================================================
Received Import Request.
  Time since last request: 0.004905 seconds.
  path: Assets/source/Texture3D/84-100.asset
  artifactKey: Guid(23267f8b50c66144398bd4dbafde018d) Importer(815301076,1909f56bfc062723c751e8b465ee728b)
Start importing Assets/source/Texture3D/84-100.asset using Guid(23267f8b50c66144398bd4dbafde018d) Importer(815301076,1909f56bfc062723c751e8b465ee728b)  -> (artifact id: 'fdf18f103f4519c7f0135d340ae8a3bb') in 0.074434 seconds 
  Import took 0.076638 seconds .

========================================================================
Received Prepare
Registering precompiled user dll's ...
Registered in 0.004464 seconds.
Begin MonoManager ReloadAssembly
Native extension for WindowsStandalone target not found
Refreshing native plugins compatible for Editor in 0.31 ms, found 2 plugins.
Preloading 0 native plugins for Editor in 0.00 ms.
Mono: successfully reloaded assembly
- Completed reload, in  1.003 seconds
Platform modules already initialized, skipping
Refreshing native plugins compatible for Editor in 0.56 ms, found 2 plugins.
Preloading 0 native plugins for Editor in 0.00 ms.
Unloading 1402 Unused Serialized files (Serialized files now loaded: 0)
System memory in use before: 71.9 MB.
System memory in use after: 72.0 MB.

Unloading 13 unused Assets to reduce memory usage. Loaded Objects now: 1859.
Total: 1.827700 ms (FindLiveObjects: 0.141100 ms CreateObjectMapping: 0.041600 ms MarkObjects: 1.625800 ms  DeleteObjects: 0.017900 ms)

AssetImportParameters requested are different than current active one (requested -> active):
  custom:framework-win-MediaFoundation: 216162199b28c13a410421893ffa2e32 -> 
  custom:video-decoder-ogg-theora: a1e56fd34408186e4bbccfd4996cb3dc -> 
  custom:container-muxer-webm: aa71ff27fc2769a1b78a27578f13a17b -> 
  custom:container-demuxer-webm: 4f35f7cbe854078d1ac9338744f61a02 -> 
  custom:container-demuxer-ogg: 62fdf1f143b41e24485cea50d1cbac27 -> 
  custom:video-encoder-webm-vp8: eb34c28f22e8b96e1ab97ce403110664 -> 
  custom:video-codec-MediaFoundation-h265: 746d11721c4dcdbdad8f713fa42b33f4 -> 
  custom:video-decoder-webm-vp8: 9c59270c3fd7afecdb556c50c9e8de78 -> 
  custom:audio-decoder-ogg-vorbis: bf7c407c2cedff20999df2af8eb42d56 -> 
  custom:audio-encoder-webm-vorbis: bf7c407c2cedff20999df2af8eb42d56 -> 
========================================================================
Received Prepare
Registering precompiled user dll's ...
Registered in 0.004567 seconds.
Begin MonoManager ReloadAssembly
Native extension for WindowsStandalone target not found
Refreshing native plugins compatible for Editor in 0.31 ms, found 2 plugins.
Preloading 0 native plugins for Editor in 0.00 ms.
Mono: successfully reloaded assembly
- Completed reload, in  0.980 seconds
Platform modules already initialized, skipping
Refreshing native plugins compatible for Editor in 0.30 ms, found 2 plugins.
Preloading 0 native plugins for Editor in 0.00 ms.
Unloading 1402 Unused Serialized files (Serialized files now loaded: 0)
System memory in use before: 72.0 MB.
System memory in use after: 72.1 MB.

Unloading 13 unused Assets to reduce memory usage. Loaded Objects now: 1862.
Total: 1.785500 ms (FindLiveObjects: 0.141200 ms CreateObjectMapping: 0.043300 ms MarkObjects: 1.582800 ms  DeleteObjects: 0.016700 ms)

AssetImportParameters requested are different than current active one (requested -> active):
  custom:framework-win-MediaFoundation: 216162199b28c13a410421893ffa2e32 -> 
  custom:video-decoder-ogg-theora: a1e56fd34408186e4bbccfd4996cb3dc -> 
  custom:container-muxer-webm: aa71ff27fc2769a1b78a27578f13a17b -> 
  custom:container-demuxer-webm: 4f35f7cbe854078d1ac9338744f61a02 -> 
  custom:container-demuxer-ogg: 62fdf1f143b41e24485cea50d1cbac27 -> 
  custom:video-encoder-webm-vp8: eb34c28f22e8b96e1ab97ce403110664 -> 
  custom:video-codec-MediaFoundation-h265: 746d11721c4dcdbdad8f713fa42b33f4 -> 
  custom:video-decoder-webm-vp8: 9c59270c3fd7afecdb556c50c9e8de78 -> 
  custom:audio-decoder-ogg-vorbis: bf7c407c2cedff20999df2af8eb42d56 -> 
  custom:audio-encoder-webm-vorbis: bf7c407c2cedff20999df2af8eb42d56 -> 
========================================================================
Received Prepare
Registering precompiled user dll's ...
Registered in 0.005624 seconds.
Begin MonoManager ReloadAssembly
Native extension for WindowsStandalone target not found
Refreshing native plugins compatible for Editor in 0.31 ms, found 2 plugins.
Preloading 0 native plugins for Editor in 0.00 ms.
Mono: successfully reloaded assembly
- Completed reload, in  0.989 seconds
Platform modules already initialized, skipping
Refreshing native plugins compatible for Editor in 0.35 ms, found 2 plugins.
Preloading 0 native plugins for Editor in 0.00 ms.
Unloading 1402 Unused Serialized files (Serialized files now loaded: 0)
System memory in use before: 72.0 MB.
System memory in use after: 72.1 MB.

Unloading 13 unused Assets to reduce memory usage. Loaded Objects now: 1865.
Total: 1.702600 ms (FindLiveObjects: 0.135500 ms CreateObjectMapping: 0.040600 ms MarkObjects: 1.509500 ms  DeleteObjects: 0.015800 ms)

AssetImportParameters requested are different than current active one (requested -> active):
  custom:framework-win-MediaFoundation: 216162199b28c13a410421893ffa2e32 -> 
  custom:video-decoder-ogg-theora: a1e56fd34408186e4bbccfd4996cb3dc -> 
  custom:container-muxer-webm: aa71ff27fc2769a1b78a27578f13a17b -> 
  custom:container-demuxer-webm: 4f35f7cbe854078d1ac9338744f61a02 -> 
  custom:container-demuxer-ogg: 62fdf1f143b41e24485cea50d1cbac27 -> 
  custom:video-encoder-webm-vp8: eb34c28f22e8b96e1ab97ce403110664 -> 
  custom:video-codec-MediaFoundation-h265: 746d11721c4dcdbdad8f713fa42b33f4 -> 
  custom:video-decoder-webm-vp8: 9c59270c3fd7afecdb556c50c9e8de78 -> 
  custom:audio-decoder-ogg-vorbis: bf7c407c2cedff20999df2af8eb42d56 -> 
  custom:audio-encoder-webm-vorbis: bf7c407c2cedff20999df2af8eb42d56 -> 
========================================================================
Received Prepare
Registering precompiled user dll's ...
Registered in 0.005070 seconds.
Begin MonoManager ReloadAssembly
Native extension for WindowsStandalone target not found
Refreshing native plugins compatible for Editor in 0.30 ms, found 2 plugins.
Preloading 0 native plugins for Editor in 0.00 ms.
Mono: successfully reloaded assembly
- Completed reload, in  0.917 seconds
Platform modules already initialized, skipping
Refreshing native plugins compatible for Editor in 0.32 ms, found 2 plugins.
Preloading 0 native plugins for Editor in 0.00 ms.
Unloading 1402 Unused Serialized files (Serialized files now loaded: 0)
System memory in use before: 72.0 MB.
System memory in use after: 72.1 MB.

Unloading 13 unused Assets to reduce memory usage. Loaded Objects now: 1868.
Total: 1.596100 ms (FindLiveObjects: 0.139200 ms CreateObjectMapping: 0.044300 ms MarkObjects: 1.395900 ms  DeleteObjects: 0.015300 ms)

AssetImportParameters requested are different than current active one (requested -> active):
  custom:framework-win-MediaFoundation: 216162199b28c13a410421893ffa2e32 -> 
  custom:video-decoder-ogg-theora: a1e56fd34408186e4bbccfd4996cb3dc -> 
  custom:container-muxer-webm: aa71ff27fc2769a1b78a27578f13a17b -> 
  custom:container-demuxer-webm: 4f35f7cbe854078d1ac9338744f61a02 -> 
  custom:container-demuxer-ogg: 62fdf1f143b41e24485cea50d1cbac27 -> 
  custom:video-encoder-webm-vp8: eb34c28f22e8b96e1ab97ce403110664 -> 
  custom:video-codec-MediaFoundation-h265: 746d11721c4dcdbdad8f713fa42b33f4 -> 
  custom:video-decoder-webm-vp8: 9c59270c3fd7afecdb556c50c9e8de78 -> 
  custom:audio-decoder-ogg-vorbis: bf7c407c2cedff20999df2af8eb42d56 -> 
  custom:audio-encoder-webm-vorbis: bf7c407c2cedff20999df2af8eb42d56 -> 
========================================================================
Received Prepare
Registering precompiled user dll's ...
Registered in 0.004404 seconds.
Begin MonoManager ReloadAssembly
Native extension for WindowsStandalone target not found
Refreshing native plugins compatible for Editor in 0.30 ms, found 2 plugins.
Preloading 0 native plugins for Editor in 0.00 ms.
Mono: successfully reloaded assembly
- Completed reload, in  0.904 seconds
Platform modules already initialized, skipping
Refreshing native plugins compatible for Editor in 0.30 ms, found 2 plugins.
Preloading 0 native plugins for Editor in 0.00 ms.
Unloading 1402 Unused Serialized files (Serialized files now loaded: 0)
System memory in use before: 72.0 MB.
System memory in use after: 72.1 MB.

Unloading 13 unused Assets to reduce memory usage. Loaded Objects now: 1871.
Total: 1.942100 ms (FindLiveObjects: 0.143800 ms CreateObjectMapping: 0.045300 ms MarkObjects: 1.732500 ms  DeleteObjects: 0.018500 ms)

AssetImportParameters requested are different than current active one (requested -> active):
  custom:framework-win-MediaFoundation: 216162199b28c13a410421893ffa2e32 -> 
  custom:video-decoder-ogg-theora: a1e56fd34408186e4bbccfd4996cb3dc -> 
  custom:container-muxer-webm: aa71ff27fc2769a1b78a27578f13a17b -> 
  custom:container-demuxer-webm: 4f35f7cbe854078d1ac9338744f61a02 -> 
  custom:container-demuxer-ogg: 62fdf1f143b41e24485cea50d1cbac27 -> 
  custom:video-encoder-webm-vp8: eb34c28f22e8b96e1ab97ce403110664 -> 
  custom:video-codec-MediaFoundation-h265: 746d11721c4dcdbdad8f713fa42b33f4 -> 
  custom:video-decoder-webm-vp8: 9c59270c3fd7afecdb556c50c9e8de78 -> 
  custom:audio-decoder-ogg-vorbis: bf7c407c2cedff20999df2af8eb42d56 -> 
  custom:audio-encoder-webm-vorbis: bf7c407c2cedff20999df2af8eb42d56 -> 
========================================================================
Received Prepare
Registering precompiled user dll's ...
Registered in 0.004703 seconds.
Begin MonoManager ReloadAssembly
Native extension for WindowsStandalone target not found
Refreshing native plugins compatible for Editor in 0.44 ms, found 2 plugins.
Preloading 0 native plugins for Editor in 0.00 ms.
Mono: successfully reloaded assembly
- Completed reload, in  0.990 seconds
Platform modules already initialized, skipping
Refreshing native plugins compatible for Editor in 0.31 ms, found 2 plugins.
Preloading 0 native plugins for Editor in 0.00 ms.
Unloading 1402 Unused Serialized files (Serialized files now loaded: 0)
System memory in use before: 72.0 MB.
System memory in use after: 72.1 MB.

Unloading 13 unused Assets to reduce memory usage. Loaded Objects now: 1874.
Total: 1.737900 ms (FindLiveObjects: 0.125400 ms CreateObjectMapping: 0.038400 ms MarkObjects: 1.558200 ms  DeleteObjects: 0.014800 ms)

AssetImportParameters requested are different than current active one (requested -> active):
  custom:framework-win-MediaFoundation: 216162199b28c13a410421893ffa2e32 -> 
  custom:video-decoder-ogg-theora: a1e56fd34408186e4bbccfd4996cb3dc -> 
  custom:container-muxer-webm: aa71ff27fc2769a1b78a27578f13a17b -> 
  custom:container-demuxer-webm: 4f35f7cbe854078d1ac9338744f61a02 -> 
  custom:container-demuxer-ogg: 62fdf1f143b41e24485cea50d1cbac27 -> 
  custom:video-encoder-webm-vp8: eb34c28f22e8b96e1ab97ce403110664 -> 
  custom:video-codec-MediaFoundation-h265: 746d11721c4dcdbdad8f713fa42b33f4 -> 
  custom:video-decoder-webm-vp8: 9c59270c3fd7afecdb556c50c9e8de78 -> 
  custom:audio-decoder-ogg-vorbis: bf7c407c2cedff20999df2af8eb42d56 -> 
  custom:audio-encoder-webm-vorbis: bf7c407c2cedff20999df2af8eb42d56 -> 
========================================================================
Received Prepare
Registering precompiled user dll's ...
Registered in 0.006171 seconds.
Begin MonoManager ReloadAssembly
Native extension for WindowsStandalone target not found
Refreshing native plugins compatible for Editor in 0.32 ms, found 2 plugins.
Preloading 0 native plugins for Editor in 0.00 ms.
Mono: successfully reloaded assembly
- Completed reload, in  1.132 seconds
Platform modules already initialized, skipping
Refreshing native plugins compatible for Editor in 0.34 ms, found 2 plugins.
Preloading 0 native plugins for Editor in 0.00 ms.
Unloading 1402 Unused Serialized files (Serialized files now loaded: 0)
System memory in use before: 72.0 MB.
System memory in use after: 72.1 MB.

Unloading 13 unused Assets to reduce memory usage. Loaded Objects now: 1877.
Total: 2.059500 ms (FindLiveObjects: 0.148200 ms CreateObjectMapping: 0.042100 ms MarkObjects: 1.845500 ms  DeleteObjects: 0.021600 ms)

AssetImportParameters requested are different than current active one (requested -> active):
  custom:framework-win-MediaFoundation: 216162199b28c13a410421893ffa2e32 -> 
  custom:video-decoder-ogg-theora: a1e56fd34408186e4bbccfd4996cb3dc -> 
  custom:container-muxer-webm: aa71ff27fc2769a1b78a27578f13a17b -> 
  custom:container-demuxer-webm: 4f35f7cbe854078d1ac9338744f61a02 -> 
  custom:container-demuxer-ogg: 62fdf1f143b41e24485cea50d1cbac27 -> 
  custom:video-encoder-webm-vp8: eb34c28f22e8b96e1ab97ce403110664 -> 
  custom:video-codec-MediaFoundation-h265: 746d11721c4dcdbdad8f713fa42b33f4 -> 
  custom:video-decoder-webm-vp8: 9c59270c3fd7afecdb556c50c9e8de78 -> 
  custom:audio-decoder-ogg-vorbis: bf7c407c2cedff20999df2af8eb42d56 -> 
  custom:audio-encoder-webm-vorbis: bf7c407c2cedff20999df2af8eb42d56 -> 
========================================================================
Received Prepare
Registering precompiled user dll's ...
Registered in 0.004405 seconds.
Begin MonoManager ReloadAssembly
Native extension for WindowsStandalone target not found
Refreshing native plugins compatible for Editor in 0.30 ms, found 2 plugins.
Preloading 0 native plugins for Editor in 0.00 ms.
Mono: successfully reloaded assembly
- Completed reload, in  0.962 seconds
Platform modules already initialized, skipping
Refreshing native plugins compatible for Editor in 0.55 ms, found 2 plugins.
Preloading 0 native plugins for Editor in 0.00 ms.
Unloading 1402 Unused Serialized files (Serialized files now loaded: 0)
System memory in use before: 72.0 MB.
System memory in use after: 72.1 MB.

Unloading 13 unused Assets to reduce memory usage. Loaded Objects now: 1880.
Total: 2.290700 ms (FindLiveObjects: 0.162700 ms CreateObjectMapping: 0.052700 ms MarkObjects: 2.053800 ms  DeleteObjects: 0.019700 ms)

AssetImportParameters requested are different than current active one (requested -> active):
  custom:framework-win-MediaFoundation: 216162199b28c13a410421893ffa2e32 -> 
  custom:video-decoder-ogg-theora: a1e56fd34408186e4bbccfd4996cb3dc -> 
  custom:container-muxer-webm: aa71ff27fc2769a1b78a27578f13a17b -> 
  custom:container-demuxer-webm: 4f35f7cbe854078d1ac9338744f61a02 -> 
  custom:container-demuxer-ogg: 62fdf1f143b41e24485cea50d1cbac27 -> 
  custom:video-encoder-webm-vp8: eb34c28f22e8b96e1ab97ce403110664 -> 
  custom:video-codec-MediaFoundation-h265: 746d11721c4dcdbdad8f713fa42b33f4 -> 
  custom:video-decoder-webm-vp8: 9c59270c3fd7afecdb556c50c9e8de78 -> 
  custom:audio-decoder-ogg-vorbis: bf7c407c2cedff20999df2af8eb42d56 -> 
  custom:audio-encoder-webm-vorbis: bf7c407c2cedff20999df2af8eb42d56 -> 
========================================================================
Received Prepare
Registering precompiled user dll's ...
Registered in 0.005569 seconds.
Begin MonoManager ReloadAssembly
Native extension for WindowsStandalone target not found
Refreshing native plugins compatible for Editor in 0.31 ms, found 2 plugins.
Preloading 0 native plugins for Editor in 0.00 ms.
Mono: successfully reloaded assembly
- Completed reload, in  0.983 seconds
Platform modules already initialized, skipping
Refreshing native plugins compatible for Editor in 0.29 ms, found 2 plugins.
Preloading 0 native plugins for Editor in 0.00 ms.
Unloading 1402 Unused Serialized files (Serialized files now loaded: 0)
System memory in use before: 72.0 MB.
System memory in use after: 72.1 MB.

Unloading 13 unused Assets to reduce memory usage. Loaded Objects now: 1883.
Total: 1.664500 ms (FindLiveObjects: 0.125700 ms CreateObjectMapping: 0.039500 ms MarkObjects: 1.482800 ms  DeleteObjects: 0.015300 ms)

AssetImportParameters requested are different than current active one (requested -> active):
  custom:framework-win-MediaFoundation: 216162199b28c13a410421893ffa2e32 -> 
  custom:video-decoder-ogg-theora: a1e56fd34408186e4bbccfd4996cb3dc -> 
  custom:container-muxer-webm: aa71ff27fc2769a1b78a27578f13a17b -> 
  custom:container-demuxer-webm: 4f35f7cbe854078d1ac9338744f61a02 -> 
  custom:container-demuxer-ogg: 62fdf1f143b41e24485cea50d1cbac27 -> 
  custom:video-encoder-webm-vp8: eb34c28f22e8b96e1ab97ce403110664 -> 
  custom:video-codec-MediaFoundation-h265: 746d11721c4dcdbdad8f713fa42b33f4 -> 
  custom:video-decoder-webm-vp8: 9c59270c3fd7afecdb556c50c9e8de78 -> 
  custom:audio-decoder-ogg-vorbis: bf7c407c2cedff20999df2af8eb42d56 -> 
  custom:audio-encoder-webm-vorbis: bf7c407c2cedff20999df2af8eb42d56 -> 
========================================================================
Received Import Request.
  Time since last request: 817.749102 seconds.
  path: Assets/gputest1.obj
  artifactKey: Guid(e9723d428346c07409be63420ee78a08) Importer(815301076,1909f56bfc062723c751e8b465ee728b)
Start importing Assets/gputest1.obj using Guid(e9723d428346c07409be63420ee78a08) Importer(815301076,1909f56bfc062723c751e8b465ee728b)  -> (artifact id: '72f31a10837b83bd0dc64d9a8260a5d3') in 0.210679 seconds 
  Import took 0.213173 seconds .

========================================================================
Received Import Request.
  Time since last request: 6.602413 seconds.
  path: Assets/SDF/100/0-100.txt
  artifactKey: Guid(ef2b8b655985a4942b72ca44efc7c8ff) Importer(815301076,1909f56bfc062723c751e8b465ee728b)
Start importing Assets/SDF/100/0-100.txt using Guid(ef2b8b655985a4942b72ca44efc7c8ff) Importer(815301076,1909f56bfc062723c751e8b465ee728b)  -> (artifact id: 'ff8671dcd0990ff039a65f9d06627c4c') in 0.012904 seconds 
  Import took 0.015111 seconds .

========================================================================
Received Import Request.
  Time since last request: 18.301776 seconds.
  path: Assets/SDF/100/0-100 1.txt
  artifactKey: Guid(367c6dfa3966fd34abf085dee75811b7) Importer(815301076,1909f56bfc062723c751e8b465ee728b)
Start importing Assets/SDF/100/0-100 1.txt using Guid(367c6dfa3966fd34abf085dee75811b7) Importer(815301076,1909f56bfc062723c751e8b465ee728b)  -> (artifact id: '2c870a7bbe0f82a8c75ee5c93dfd60f3') in 0.004578 seconds 
  Import took 0.006785 seconds .

========================================================================
Received Import Request.
  Time since last request: 0.300165 seconds.
  path: Assets/SDF/100/0-100 1.txt
  artifactKey: Guid(367c6dfa3966fd34abf085dee75811b7) Importer(815301076,1909f56bfc062723c751e8b465ee728b)
Start importing Assets/SDF/100/0-100 1.txt using Guid(367c6dfa3966fd34abf085dee75811b7) Importer(815301076,1909f56bfc062723c751e8b465ee728b)  -> (artifact id: '2c870a7bbe0f82a8c75ee5c93dfd60f3') in 0.020309 seconds 
  Import took 0.022489 seconds .

========================================================================
Received Import Request.
  Time since last request: 8.842826 seconds.
  path: Assets/SDF/100/84-100 1.txt
  artifactKey: Guid(a135e92fb71c1b644b4a7b1460925d3d) Importer(815301076,1909f56bfc062723c751e8b465ee728b)
Start importing Assets/SDF/100/84-100 1.txt using Guid(a135e92fb71c1b644b4a7b1460925d3d) Importer(815301076,1909f56bfc062723c751e8b465ee728b)  -> (artifact id: '7f02c6a36e1af89ead87481d69bc8d94') in 0.004150 seconds 
  Import took 0.006305 seconds .

========================================================================
Received Import Request.
  Time since last request: 0.006180 seconds.
  path: Assets/SDF/100/84-100 1.txt
  artifactKey: Guid(a135e92fb71c1b644b4a7b1460925d3d) Importer(815301076,1909f56bfc062723c751e8b465ee728b)
Start importing Assets/SDF/100/84-100 1.txt using Guid(a135e92fb71c1b644b4a7b1460925d3d) Importer(815301076,1909f56bfc062723c751e8b465ee728b)  -> (artifact id: '7f02c6a36e1af89ead87481d69bc8d94') in 0.004334 seconds 
  Import took 0.006553 seconds .

========================================================================
Received Import Request.
  Time since last request: 7.604368 seconds.
  path: Assets/SDF/100/88-100 1.txt
  artifactKey: Guid(cdc30ba9f1b09954d8280c0119f7819d) Importer(815301076,1909f56bfc062723c751e8b465ee728b)
Start importing Assets/SDF/100/88-100 1.txt using Guid(cdc30ba9f1b09954d8280c0119f7819d) Importer(815301076,1909f56bfc062723c751e8b465ee728b)  -> (artifact id: '88736f9eaa8a340d0db5825a690e2950') in 0.007412 seconds 
  Import took 0.010591 seconds .

========================================================================
Received Import Request.
  Time since last request: 3.891370 seconds.
  path: Assets/SDF/100/85-100 1.txt
  artifactKey: Guid(c5ae5a486269d344b84ea036be71ab6e) Importer(815301076,1909f56bfc062723c751e8b465ee728b)
Start importing Assets/SDF/100/85-100 1.txt using Guid(c5ae5a486269d344b84ea036be71ab6e) Importer(815301076,1909f56bfc062723c751e8b465ee728b)  -> (artifact id: '969d51ceb6470de524eeb545020bb259') in 0.005103 seconds 
  Import took 0.007407 seconds .

========================================================================
Received Import Request.
  Time since last request: 15.908513 seconds.
  path: Assets/SDF/100/26-100 1.txt
  artifactKey: Guid(40c1410d07168924389220e607045984) Importer(815301076,1909f56bfc062723c751e8b465ee728b)
Start importing Assets/SDF/100/26-100 1.txt using Guid(40c1410d07168924389220e607045984) Importer(815301076,1909f56bfc062723c751e8b465ee728b)  -> (artifact id: '029f45c12584960368928e298069b5d5') in 0.004742 seconds 
  Import took 0.006977 seconds .

========================================================================
Received Import Request.
  Time since last request: 0.008561 seconds.
  path: Assets/SDF/100/26-100 1.txt
  artifactKey: Guid(40c1410d07168924389220e607045984) Importer(815301076,1909f56bfc062723c751e8b465ee728b)
Start importing Assets/SDF/100/26-100 1.txt using Guid(40c1410d07168924389220e607045984) Importer(815301076,1909f56bfc062723c751e8b465ee728b)  -> (artifact id: '029f45c12584960368928e298069b5d5') in 0.005108 seconds 
  Import took 0.007393 seconds .

========================================================================
Received Import Request.
  Time since last request: 1.195222 seconds.
  path: Assets/SDF/100/4-100 1.txt
  artifactKey: Guid(886a502a682de32468d3920466643292) Importer(815301076,1909f56bfc062723c751e8b465ee728b)
Start importing Assets/SDF/100/4-100 1.txt using Guid(886a502a682de32468d3920466643292) Importer(815301076,1909f56bfc062723c751e8b465ee728b)  -> (artifact id: 'ba1ba2dcd114e61db67bb608ca1df20e') in 0.004506 seconds 
  Import took 0.007007 seconds .

========================================================================
Received Prepare
Registering precompiled user dll's ...
Registered in 0.004489 seconds.
Begin MonoManager ReloadAssembly
Native extension for WindowsStandalone target not found
Refreshing native plugins compatible for Editor in 0.36 ms, found 2 plugins.
Preloading 0 native plugins for Editor in 0.00 ms.
Mono: successfully reloaded assembly
- Completed reload, in  0.996 seconds
Platform modules already initialized, skipping
Refreshing native plugins compatible for Editor in 0.38 ms, found 2 plugins.
Preloading 0 native plugins for Editor in 0.00 ms.
Unloading 1402 Unused Serialized files (Serialized files now loaded: 0)
System memory in use before: 72.4 MB.
System memory in use after: 72.5 MB.

Unloading 13 unused Assets to reduce memory usage. Loaded Objects now: 1923.
Total: 1.731000 ms (FindLiveObjects: 0.162400 ms CreateObjectMapping: 0.051600 ms MarkObjects: 1.500000 ms  DeleteObjects: 0.015700 ms)

AssetImportParameters requested are different than current active one (requested -> active):
  custom:framework-win-MediaFoundation: 216162199b28c13a410421893ffa2e32 -> 
  custom:video-decoder-ogg-theora: a1e56fd34408186e4bbccfd4996cb3dc -> 
  custom:container-muxer-webm: aa71ff27fc2769a1b78a27578f13a17b -> 
  custom:container-demuxer-webm: 4f35f7cbe854078d1ac9338744f61a02 -> 
  custom:container-demuxer-ogg: 62fdf1f143b41e24485cea50d1cbac27 -> 
  custom:video-encoder-webm-vp8: eb34c28f22e8b96e1ab97ce403110664 -> 
  custom:video-codec-MediaFoundation-h265: 746d11721c4dcdbdad8f713fa42b33f4 -> 
  custom:video-decoder-webm-vp8: 9c59270c3fd7afecdb556c50c9e8de78 -> 
  custom:audio-decoder-ogg-vorbis: bf7c407c2cedff20999df2af8eb42d56 -> 
  custom:audio-encoder-webm-vorbis: bf7c407c2cedff20999df2af8eb42d56 -> 
AssetImportWorkerClient::OnTransportError - code=2 error=End of file
